<?xml version="1.0" encoding="UTF-8"?>
<robot generator="Robot 3.2.2 (Python 3.7.7 on win32)" generated="20210826 13:21:57.239" rpa="false">
<suite id="s1" name="Cobastruktur" source="C:\Users\dennypc\eclipse-workspace\cobastruktur">
<suite id="s1-s1" name="Test" source="C:\Users\dennypc\eclipse-workspace\cobastruktur\test">
<suite id="s1-s1-s1" name="Login" source="C:\Users\dennypc\eclipse-workspace\cobastruktur\test\login.robot">
<kw name="open browser setup" library="common" type="setup">
<kw name="Open Browser" library="SeleniumLibrary">
<doc>Opens a new browser instance to the optional ``url``.</doc>
<arguments>
<arg>${url}</arg>
<arg>${browser}</arg>
</arguments>
<msg timestamp="20210826 13:21:57.562" level="INFO">Opening browser 'headlessfirefox' to base url 'https://opensource-demo.orangehrmlive.com/'.</msg>
<msg timestamp="20210826 13:21:57.564" level="INFO">Firefox driver log is always forced to to: C:\Users\dennypc\eclipse-workspace\cobastruktur\geckodriver-12.log</msg>
<status status="PASS" starttime="20210826 13:21:57.561" endtime="20210826 13:22:15.536"></status>
</kw>
<status status="PASS" starttime="20210826 13:21:57.560" endtime="20210826 13:22:15.537"></status>
</kw>
<test id="s1-s1-s1-t1" name="login">
<kw name="input username" library="login_logic">
<arguments>
<arg>${user1}[1]</arg>
</arguments>
<kw name="Input Text" library="SeleniumLibrary">
<doc>Types the given ``text`` into the text field identified by ``locator``.</doc>
<arguments>
<arg>${txt_user}</arg>
<arg>${username}</arg>
</arguments>
<msg timestamp="20210826 13:22:15.545" level="INFO">Typing text 'user2' into text field '//input[@id='txtUsername']'.</msg>
<status status="PASS" starttime="20210826 13:22:15.543" endtime="20210826 13:22:15.611"></status>
</kw>
<status status="PASS" starttime="20210826 13:22:15.540" endtime="20210826 13:22:15.612"></status>
</kw>
<kw name="input password ya" library="login_logic">
<arguments>
<arg>${password1}[1]</arg>
</arguments>
<kw name="Input Text" library="SeleniumLibrary">
<doc>Types the given ``text`` into the text field identified by ``locator``.</doc>
<arguments>
<arg>${txt_pass}</arg>
<arg>${password}</arg>
</arguments>
<msg timestamp="20210826 13:22:15.616" level="INFO">Typing text 'password2' into text field '//input[@id='txtPassword']'.</msg>
<status status="PASS" starttime="20210826 13:22:15.615" endtime="20210826 13:22:15.642"></status>
</kw>
<status status="PASS" starttime="20210826 13:22:15.614" endtime="20210826 13:22:15.643"></status>
</kw>
<kw name="klik login" library="login_logic">
<kw name="Click Button" library="SeleniumLibrary">
<doc>Clicks the button identified by ``locator``.</doc>
<arguments>
<arg>${btn_login}</arg>
</arguments>
<msg timestamp="20210826 13:22:15.646" level="INFO">Clicking button '//input[@id='btnLogin']'.</msg>
<status status="PASS" starttime="20210826 13:22:15.645" endtime="20210826 13:22:19.043"></status>
</kw>
<status status="PASS" starttime="20210826 13:22:15.644" endtime="20210826 13:22:19.043"></status>
</kw>
<kw name="verify login" library="login_logic">
<kw name="Wait Until Element Is Visible" library="SeleniumLibrary">
<doc>Waits until the element ``locator`` is visible.</doc>
<arguments>
<arg>${txt_welcome}</arg>
</arguments>
<kw name="Capture Page Screenshot" library="SeleniumLibrary">
<doc>Takes a screenshot of the current page and embeds it into a log file.</doc>
<msg timestamp="20210826 13:22:24.384" level="INFO" html="yes">&lt;/td&gt;&lt;/tr&gt;&lt;tr&gt;&lt;td colspan="3"&gt;&lt;a href="selenium-screenshot-4.png"&gt;&lt;img src="selenium-screenshot-4.png" width="800px"&gt;&lt;/a&gt;</msg>
<status status="PASS" starttime="20210826 13:22:24.262" endtime="20210826 13:22:24.384"></status>
</kw>
<msg timestamp="20210826 13:22:24.386" level="FAIL">Element '//b[contains(text(),'Dashboard')]' not visible after 5 seconds.</msg>
<status status="FAIL" starttime="20210826 13:22:19.046" endtime="20210826 13:22:24.386"></status>
</kw>
<status status="FAIL" starttime="20210826 13:22:19.044" endtime="20210826 13:22:24.402"></status>
</kw>
<status status="FAIL" starttime="20210826 13:22:15.538" endtime="20210826 13:22:24.403" critical="yes">Element '//b[contains(text(),'Dashboard')]' not visible after 5 seconds.</status>
</test>
<kw name="tutup browser" library="common" type="teardown">
<kw name="Close Browser" library="SeleniumLibrary">
<doc>Closes the current browser.</doc>
<status status="PASS" starttime="20210826 13:22:24.406" endtime="20210826 13:22:25.275"></status>
</kw>
<status status="PASS" starttime="20210826 13:22:24.406" endtime="20210826 13:22:25.276"></status>
</kw>
<status status="FAIL" starttime="20210826 13:21:57.320" endtime="20210826 13:22:25.276"></status>
</suite>
<status status="FAIL" starttime="20210826 13:21:57.316" endtime="20210826 13:22:25.280"></status>
</suite>
<status status="FAIL" starttime="20210826 13:21:57.282" endtime="20210826 13:22:25.283"></status>
</suite>
<statistics>
<total>
<stat pass="0" fail="1">Critical Tests</stat>
<stat pass="0" fail="1">All Tests</stat>
</total>
<tag>
</tag>
<suite>
<stat pass="0" fail="1" id="s1" name="Cobastruktur">Cobastruktur</stat>
<stat pass="0" fail="1" id="s1-s1" name="Test">Cobastruktur.Test</stat>
<stat pass="0" fail="1" id="s1-s1-s1" name="Login">Cobastruktur.Test.Login</stat>
</suite>
</statistics>
<errors>
</errors>
</robot>
