<?xml version="1.0" encoding="UTF-8"?>
<robot generator="Robot 3.2.2 (Python 3.7.7 on win32)" generated="20210826 13:32:36.458" rpa="false">
<suite id="s1" name="Login" source="C:\Users\dennypc\eclipse-workspace\cobastruktur\test\login.robot">
<kw name="open browser setup" library="common" type="setup">
<kw name="Open Browser" library="SeleniumLibrary">
<doc>Opens a new browser instance to the optional ``url``.</doc>
<arguments>
<arg>${url}</arg>
<arg>${browser}</arg>
</arguments>
<msg timestamp="20210826 13:32:36.744" level="INFO">Opening browser 'headlessfirefox' to base url 'https://opensource-demo.orangehrmlive.com/'.</msg>
<msg timestamp="20210826 13:32:36.746" level="INFO">Firefox driver log is always forced to to: C:\Users\dennypc\eclipse-workspace\cobastruktur\result\geckodriver-1.log</msg>
<status status="PASS" starttime="20210826 13:32:36.744" endtime="20210826 13:32:57.935"></status>
</kw>
<status status="PASS" starttime="20210826 13:32:36.744" endtime="20210826 13:32:57.936"></status>
</kw>
<test id="s1-t1" name="login">
<kw name="input username" library="login_logic">
<arguments>
<arg>${user.username}</arg>
</arguments>
<kw name="Input Text" library="SeleniumLibrary">
<doc>Types the given ``text`` into the text field identified by ``locator``.</doc>
<arguments>
<arg>${txt_user}</arg>
<arg>${username}</arg>
</arguments>
<msg timestamp="20210826 13:32:57.941" level="INFO">Typing text 'Admin' into text field '//input[@id='txtUsername']'.</msg>
<status status="PASS" starttime="20210826 13:32:57.940" endtime="20210826 13:32:58.001"></status>
</kw>
<status status="PASS" starttime="20210826 13:32:57.938" endtime="20210826 13:32:58.001"></status>
</kw>
<kw name="input password ya" library="login_logic">
<arguments>
<arg>${user.password}</arg>
</arguments>
<kw name="Input Text" library="SeleniumLibrary">
<doc>Types the given ``text`` into the text field identified by ``locator``.</doc>
<arguments>
<arg>${txt_pass}</arg>
<arg>${password}</arg>
</arguments>
<msg timestamp="20210826 13:32:58.003" level="INFO">Typing text 'admin123' into text field '//input[@id='txtPassword']'.</msg>
<status status="PASS" starttime="20210826 13:32:58.003" endtime="20210826 13:32:58.023"></status>
</kw>
<status status="PASS" starttime="20210826 13:32:58.002" endtime="20210826 13:32:58.023"></status>
</kw>
<kw name="klik login" library="login_logic">
<kw name="Click Button" library="SeleniumLibrary">
<doc>Clicks the button identified by ``locator``.</doc>
<arguments>
<arg>${btn_login}</arg>
</arguments>
<msg timestamp="20210826 13:32:58.025" level="INFO">Clicking button '//input[@id='btnLogin']'.</msg>
<status status="PASS" starttime="20210826 13:32:58.024" endtime="20210826 13:33:08.197"></status>
</kw>
<status status="PASS" starttime="20210826 13:32:58.024" endtime="20210826 13:33:08.197"></status>
</kw>
<kw name="verify login" library="login_logic">
<kw name="Wait Until Element Is Visible" library="SeleniumLibrary">
<doc>Waits until the element ``locator`` is visible.</doc>
<arguments>
<arg>${txt_welcome}</arg>
</arguments>
<status status="PASS" starttime="20210826 13:33:08.203" endtime="20210826 13:33:08.256"></status>
</kw>
<kw name="Element Should Be Visible" library="SeleniumLibrary">
<doc>Verifies that the element identified by ``locator`` is visible.</doc>
<arguments>
<arg>${txt_welcome}</arg>
</arguments>
<msg timestamp="20210826 13:33:08.288" level="INFO">Element '//b[contains(text(),'Dashboard')]' is displayed.</msg>
<status status="PASS" starttime="20210826 13:33:08.256" endtime="20210826 13:33:08.288"></status>
</kw>
<status status="PASS" starttime="20210826 13:33:08.200" endtime="20210826 13:33:08.288"></status>
</kw>
<status status="PASS" starttime="20210826 13:32:57.936" endtime="20210826 13:33:08.289" critical="yes"></status>
</test>
<kw name="tutup browser" library="common" type="teardown">
<kw name="Close Browser" library="SeleniumLibrary">
<doc>Closes the current browser.</doc>
<status status="PASS" starttime="20210826 13:33:08.292" endtime="20210826 13:33:09.207"></status>
</kw>
<status status="PASS" starttime="20210826 13:33:08.291" endtime="20210826 13:33:09.208"></status>
</kw>
<status status="PASS" starttime="20210826 13:32:36.460" endtime="20210826 13:33:09.208"></status>
</suite>
<statistics>
<total>
<stat pass="1" fail="0">Critical Tests</stat>
<stat pass="1" fail="0">All Tests</stat>
</total>
<tag>
</tag>
<suite>
<stat pass="1" fail="0" id="s1" name="Login">Login</stat>
</suite>
</statistics>
<errors>
</errors>
</robot>
